<?xml version="1.0" encoding="UTF-8"?>
<!-- Generated by org.testng.reporters.JUnitReportReporter -->
<testsuite hostname="DESKTOP-FNFV15V" failures="0" tests="3" name="com.testngfeatures.InvocationCountTest" time="0.083" errors="0" timestamp="2023-07-31T18:11:31 IST" skipped="0">
  <testcase classname="com.testngfeatures.InvocationCountTest" name="f" time="0.066"/>
  <testcase classname="com.testngfeatures.InvocationCountTest" name="f2" time="0.010"/>
  <testcase classname="com.testngfeatures.InvocationCountTest" name="f2" time="0.007"/>
</testsuite> <!-- com.testngfeatures.InvocationCountTest -->
