<?xml version="1.0" encoding="UTF-8"?>
<!-- Generated by org.testng.reporters.JUnitReportReporter -->
<testsuite hostname="DESKTOP-FNFV15V" failures="0" tests="1" name="com.testngfeatures.TimeOutTest" time="2.167" errors="0" timestamp="2023-07-31T18:16:40 IST" skipped="0">
  <testcase classname="com.testngfeatures.TimeOutTest" name="f" time="2.167"/>
</testsuite> <!-- com.testngfeatures.TimeOutTest -->
