<?xml version="1.0" encoding="UTF-8"?>
<!-- Generated by org.testng.reporters.JUnitReportReporter -->
<testsuite hostname="DESKTOP-FNFV15V" failures="0" tests="2" name="com.testngfeatures.SimpleTest" time="0.063" errors="0" timestamp="2023-07-27T18:10:09 IST" skipped="0">
  <testcase classname="com.testngfeatures.SimpleTest" name="f1" time="0.025"/>
  <testcase classname="com.testngfeatures.SimpleTest" name="f" time="0.038"/>
</testsuite> <!-- com.testngfeatures.SimpleTest -->
