<?xml version="1.0" encoding="UTF-8"?>
<!-- Generated by org.testng.reporters.JUnitReportReporter -->
<testsuite hostname="DESKTOP-FNFV15V" failures="0" tests="3" name="com.testngfeatures.IgnoreTest" time="0.081" errors="0" timestamp="2023-07-28T18:03:45 IST" skipped="2">
  <testcase classname="com.testngfeatures.IgnoreTest" name="f2" time="0.081"/>
  <testcase classname="com.testngfeatures.IgnoreTest" name="f4">
    <skipped/>
  </testcase> <!-- f4 -->
  <testcase classname="com.testngfeatures.IgnoreTest" name="f3">
    <skipped/>
  </testcase> <!-- f3 -->
</testsuite> <!-- com.testngfeatures.IgnoreTest -->
