<?xml version="1.0" encoding="UTF-8"?>
<!-- Generated by org.testng.reporters.JUnitReportReporter -->
<testsuite hostname="DESKTOP-FNFV15V" failures="0" tests="1" name="com.testngfeatures.ExpectedTest" time="0.033" errors="0" timestamp="2023-07-31T18:25:12 IST" skipped="0">
  <testcase classname="com.testngfeatures.ExpectedTest" name="f" time="0.033"/>
</testsuite> <!-- com.testngfeatures.ExpectedTest -->
