<?xml version="1.0" encoding="UTF-8"?>
<!-- Generated by org.testng.reporters.JUnitReportReporter -->
<testsuite hostname="DESKTOP-FNFV15V" failures="0" tests="1" name="com.testngfeatures.DependsOnMethodTest" time="0.039" errors="0" timestamp="2023-07-31T18:33:48 IST" skipped="0">
  <testcase classname="com.testngfeatures.DependsOnMethodTest" name="f3" time="0.039"/>
</testsuite> <!-- com.testngfeatures.DependsOnMethodTest -->
