<?xml version="1.0" encoding="UTF-8"?>
<!-- Generated by org.testng.reporters.JUnitReportReporter -->
<testsuite hostname="DESKTOP-FNFV15V" failures="0" tests="4" name="com.testngfeatures.PriorityTest" time="0.096" errors="0" timestamp="2023-07-27T18:22:45 IST" skipped="0">
  <testcase classname="com.testngfeatures.PriorityTest" name="f1" time="0.063"/>
  <testcase classname="com.testngfeatures.PriorityTest" name="f2" time="0.012"/>
  <testcase classname="com.testngfeatures.PriorityTest" name="f" time="0.014"/>
  <testcase classname="com.testngfeatures.PriorityTest" name="f3" time="0.007"/>
</testsuite> <!-- com.testngfeatures.PriorityTest -->
